31195:C 01 Dec 2020 11:39:27.402 # oO0OoO0OoO0Oo Redis is starting oO0OoO0OoO0Oo
31195:C 01 Dec 2020 11:39:27.402 # Redis version=6.0.9, bits=64, commit=00000000, modified=0, pid=31195, just started
31195:C 01 Dec 2020 11:39:27.402 # Configuration loaded
31195:M 01 Dec 2020 11:39:27.404 * No cluster configuration found, I'm eab15f2f0ad73bd09b664bfe0cd2595af94899a1
                _._                                                  
           _.-``__ ''-._                                             
      _.-``    `.  `_.  ''-._           Redis 6.0.9 (00000000/0) 64 bit
  .-`` .-```.  ```\/    _.,_ ''-._                                   
 (    '      ,       .-`  | `,    )     Running in cluster mode
 |`-._`-...-` __...-.``-._|'` _.-'|     Port: 7002
 |    `-._   `._    /     _.-'    |     PID: 31195
  `-._    `-._  `-./  _.-'    _.-'                                   
 |`-._`-._    `-.__.-'    _.-'_.-'|                                  
 |    `-._`-._        _.-'_.-'    |           http://redis.io        
  `-._    `-._`-.__.-'_.-'    _.-'                                   
 |`-._`-._    `-.__.-'    _.-'_.-'|                                  
 |    `-._`-._        _.-'_.-'    |                                  
  `-._    `-._`-.__.-'_.-'    _.-'                                   
      `-._    `-.__.-'    _.-'                                       
          `-._        _.-'                                           
              `-.__.-'                                               

31195:M 01 Dec 2020 11:39:27.414 # Server initialized
31195:M 01 Dec 2020 11:39:27.414 * Ready to accept connections
31424:C 01 Dec 2020 11:53:40.730 # oO0OoO0OoO0Oo Redis is starting oO0OoO0OoO0Oo
31424:C 01 Dec 2020 11:53:40.730 # Redis version=6.0.9, bits=64, commit=00000000, modified=0, pid=31424, just started
31424:C 01 Dec 2020 11:53:40.730 # Configuration loaded
31424:M 01 Dec 2020 11:53:40.731 * Node configuration loaded, I'm eab15f2f0ad73bd09b664bfe0cd2595af94899a1
                _._                                                  
           _.-``__ ''-._                                             
      _.-``    `.  `_.  ''-._           Redis 6.0.9 (00000000/0) 64 bit
  .-`` .-```.  ```\/    _.,_ ''-._                                   
 (    '      ,       .-`  | `,    )     Running in cluster mode
 |`-._`-...-` __...-.``-._|'` _.-'|     Port: 7002
 |    `-._   `._    /     _.-'    |     PID: 31424
  `-._    `-._  `-./  _.-'    _.-'                                   
 |`-._`-._    `-.__.-'    _.-'_.-'|                                  
 |    `-._`-._        _.-'_.-'    |           http://redis.io        
  `-._    `-._`-.__.-'_.-'    _.-'                                   
 |`-._`-._    `-.__.-'    _.-'_.-'|                                  
 |    `-._`-._        _.-'_.-'    |                                  
  `-._    `-._`-.__.-'_.-'    _.-'                                   
      `-._    `-.__.-'    _.-'                                       
          `-._        _.-'                                           
              `-.__.-'                                               

31424:M 01 Dec 2020 11:53:40.732 # Server initialized
31424:M 01 Dec 2020 11:53:40.732 * Ready to accept connections
31424:M 01 Dec 2020 12:01:27.611 # configEpoch set to 2 via CLUSTER SET-CONFIG-EPOCH
31424:M 01 Dec 2020 12:01:27.764 # IP address for this node updated to 127.0.0.1
31424:M 01 Dec 2020 12:01:28.969 * Replica 127.0.0.1:7005 asks for synchronization
31424:M 01 Dec 2020 12:01:28.969 * Partial resynchronization not accepted: Replication ID mismatch (Replica asked for '7f0249be38b1c27d6372efa82737c7adf2fd0d03', my replication IDs are '4486c05cdc0a919251a8358e1be5fde23561c3a8' and '0000000000000000000000000000000000000000')
31424:M 01 Dec 2020 12:01:28.969 * Replication backlog created, my new replication IDs are 'ced6672a29ec0f249bb61ea06501c4b604e7d808' and '0000000000000000000000000000000000000000'
31424:M 01 Dec 2020 12:01:28.969 * Starting BGSAVE for SYNC with target: disk
31424:M 01 Dec 2020 12:01:28.970 * Background saving started by pid 31573
31573:C 01 Dec 2020 12:01:28.975 * DB saved on disk
31573:C 01 Dec 2020 12:01:28.975 * RDB: 0 MB of memory used by copy-on-write
31424:M 01 Dec 2020 12:01:29.068 * Background saving terminated with success
31424:M 01 Dec 2020 12:01:29.068 * Synchronization with replica 127.0.0.1:7005 succeeded
31424:M 01 Dec 2020 12:01:32.576 # Cluster state changed: ok
31424:M 01 Dec 2020 14:09:24.049 * 1 changes in 900 seconds. Saving...
31424:M 01 Dec 2020 14:09:24.050 * Background saving started by pid 31719
31719:C 01 Dec 2020 14:09:24.053 * DB saved on disk
31719:C 01 Dec 2020 14:09:24.054 * RDB: 0 MB of memory used by copy-on-write
31424:M 01 Dec 2020 14:09:24.150 * Background saving terminated with success
31424:M 01 Dec 2020 14:29:07.238 * 1 changes in 900 seconds. Saving...
31424:M 01 Dec 2020 14:29:07.238 * Background saving started by pid 31742
31742:C 01 Dec 2020 14:29:07.241 * DB saved on disk
31742:C 01 Dec 2020 14:29:07.242 * RDB: 0 MB of memory used by copy-on-write
31424:M 01 Dec 2020 14:29:07.339 * Background saving terminated with success
31424:M 02 Dec 2020 12:01:50.008 * 1 changes in 900 seconds. Saving...
31424:M 02 Dec 2020 12:01:50.009 * Background saving started by pid 4485
4485:C 02 Dec 2020 12:01:50.012 * DB saved on disk
4485:C 02 Dec 2020 12:01:50.013 * RDB: 0 MB of memory used by copy-on-write
31424:M 02 Dec 2020 12:01:50.109 * Background saving terminated with success
31424:M 02 Dec 2020 16:50:08.466 # User requested shutdown...
31424:M 02 Dec 2020 16:50:08.467 * Calling fsync() on the AOF file.
31424:M 02 Dec 2020 16:50:08.467 * Saving the final RDB snapshot before exiting.
31424:M 02 Dec 2020 16:50:08.470 * DB saved on disk
31424:M 02 Dec 2020 16:50:08.470 * Removing the pid file.
31424:M 02 Dec 2020 16:50:08.470 # Redis is now ready to exit, bye bye...
21688:C 02 Dec 2020 16:50:59.235 # oO0OoO0OoO0Oo Redis is starting oO0OoO0OoO0Oo
21688:C 02 Dec 2020 16:50:59.235 # Redis version=6.0.9, bits=64, commit=00000000, modified=0, pid=21688, just started
21688:C 02 Dec 2020 16:50:59.235 # Configuration loaded
21688:M 02 Dec 2020 16:50:59.236 * Node configuration loaded, I'm eab15f2f0ad73bd09b664bfe0cd2595af94899a1
                _._                                                  
           _.-``__ ''-._                                             
      _.-``    `.  `_.  ''-._           Redis 6.0.9 (00000000/0) 64 bit
  .-`` .-```.  ```\/    _.,_ ''-._                                   
 (    '      ,       .-`  | `,    )     Running in cluster mode
 |`-._`-...-` __...-.``-._|'` _.-'|     Port: 7002
 |    `-._   `._    /     _.-'    |     PID: 21688
  `-._    `-._  `-./  _.-'    _.-'                                   
 |`-._`-._    `-.__.-'    _.-'_.-'|                                  
 |    `-._`-._        _.-'_.-'    |           http://redis.io        
  `-._    `-._`-.__.-'_.-'    _.-'                                   
 |`-._`-._    `-.__.-'    _.-'_.-'|                                  
 |    `-._`-._        _.-'_.-'    |                                  
  `-._    `-._`-.__.-'_.-'    _.-'                                   
      `-._    `-.__.-'    _.-'                                       
          `-._        _.-'                                           
              `-.__.-'                                               

21688:M 02 Dec 2020 16:50:59.237 # Server initialized
21688:M 02 Dec 2020 16:50:59.237 * DB loaded from append only file: 0.000 seconds
21688:M 02 Dec 2020 16:50:59.237 * Ready to accept connections
21688:M 02 Dec 2020 16:51:00.261 * Replica 127.0.0.1:7005 asks for synchronization
21688:M 02 Dec 2020 16:51:00.261 * Partial resynchronization not accepted: Replication ID mismatch (Replica asked for '0f7829b94d9444b412f9f8d04b0af698006eb5e7', my replication IDs are '02ccedb68b9acf992a31471810b2a1a79785e2ec' and '0000000000000000000000000000000000000000')
21688:M 02 Dec 2020 16:51:00.261 * Replication backlog created, my new replication IDs are '6fa0fd190997ceaf9d602cb208218bbda4c24b3e' and '0000000000000000000000000000000000000000'
21688:M 02 Dec 2020 16:51:00.261 * Starting BGSAVE for SYNC with target: disk
21688:M 02 Dec 2020 16:51:00.261 * Background saving started by pid 21729
21729:C 02 Dec 2020 16:51:00.266 * DB saved on disk
21729:C 02 Dec 2020 16:51:00.267 * RDB: 0 MB of memory used by copy-on-write
21688:M 02 Dec 2020 16:51:00.340 * Background saving terminated with success
21688:M 02 Dec 2020 16:51:00.340 * Synchronization with replica 127.0.0.1:7005 succeeded
21688:M 02 Dec 2020 16:51:01.241 # Cluster state changed: ok
